<?xml version="1.0" encoding="UTF-8"?>
<!-- Generated by org.testng.reporters.JUnitReportReporter -->
<testsuite skipped="0" hostname="CBT-MH-000" name="Twitter_Test.Block" tests="1" failures="0" timestamp="31 Oct 2019 03:39:38 GMT" time="1.071" errors="0">
  <testcase name="block1" time="1.071" classname="Twitter_Test.Block"/>
</testsuite> <!-- Twitter_Test.Block -->
