<?xml version="1.0" encoding="UTF-8"?>
<!-- Generated by org.testng.reporters.JUnitReportReporter -->
<testsuite skipped="0" hostname="CBT-MH-000" name="Twitter_Test.Retweet" tests="1" failures="0" timestamp="31 Oct 2019 03:39:38 GMT" time="2.667" errors="0">
  <testcase name="Retweetthetweet" time="2.667" classname="Twitter_Test.Retweet"/>
</testsuite> <!-- Twitter_Test.Retweet -->
