<?xml version="1.0" encoding="UTF-8"?>
<!-- Generated by org.testng.reporters.JUnitReportReporter -->
<testsuite skipped="0" hostname="CBT-MH-000" name="Twitter_Test.Hashtags" tests="1" failures="0" timestamp="31 Oct 2019 03:39:38 GMT" time="6.170" errors="0">
  <testcase name="Trends" time="6.170" classname="Twitter_Test.Hashtags"/>
</testsuite> <!-- Twitter_Test.Hashtags -->
