<?xml version="1.0" encoding="UTF-8"?>
<!-- Generated by org.testng.reporters.JUnitReportReporter -->
<testsuite skipped="0" hostname="CBT-MH-000" name="Twitter_Test.CreateAndDelete" tests="1" failures="0" timestamp="31 Oct 2019 03:39:38 GMT" time="11.165" errors="0">
  <testcase name="TestPost" time="11.165" classname="Twitter_Test.CreateAndDelete"/>
</testsuite> <!-- Twitter_Test.CreateAndDelete -->
